{
  "stats": {
    "suites": 1,
    "tests": 3,
    "passes": 3,
    "pending": 0,
    "failures": 0,
    "start": "2020-09-24T08:49:35.301Z",
    "end": "2020-09-24T08:49:35.909Z",
    "duration": 608,
    "testsRegistered": 3,
    "passPercent": 100,
    "pendingPercent": 0,
    "other": 0,
    "hasOther": false,
    "skipped": 0,
    "hasSkipped": false
  },
  "results": [
    {
      "uuid": "bc98086d-952e-4787-931d-c6ac6fe95134",
      "title": "",
      "fullFile": "cypress/integration/my-tests/window_sample.spec.js",
      "file": "cypress/integration/my-tests/window_sample.spec.js",
      "beforeHooks": [],
      "afterHooks": [],
      "tests": [],
      "suites": [
        {
          "uuid": "d57fff83-3923-4992-ad65-b6453ac81112",
          "title": "Window",
          "fullFile": "",
          "file": "",
          "beforeHooks": [],
          "afterHooks": [],
          "tests": [
            {
              "title": "cy.window() - get the global window object",
              "fullTitle": "Window cy.window() - get the global window object",
              "timedOut": null,
              "duration": 348,
              "state": "passed",
              "speed": "slow",
              "pass": true,
              "fail": false,
              "pending": false,
              "context": null,
              "code": "cy.window().should('have.property', 'top');",
              "err": {},
              "uuid": "9d54387f-b7cf-44d6-9ec5-6f8abd2ac108",
              "parentUUID": "d57fff83-3923-4992-ad65-b6453ac81112",
              "isHook": false,
              "skipped": false
            },
            {
              "title": "cy.document() - get the document object",
              "fullTitle": "Window cy.document() - get the document object",
              "timedOut": null,
              "duration": 124,
              "state": "passed",
              "speed": "slow",
              "pass": true,
              "fail": false,
              "pending": false,
              "context": null,
              "code": "cy.document().should('have.property', 'charset').and('eq', 'UTF-8');",
              "err": {},
              "uuid": "00160893-8574-44ba-bca0-afc2dbbce2db",
              "parentUUID": "d57fff83-3923-4992-ad65-b6453ac81112",
              "isHook": false,
              "skipped": false
            },
            {
              "title": "cy.title() - get the title",
              "fullTitle": "Window cy.title() - get the title",
              "timedOut": null,
              "duration": 62,
              "state": "passed",
              "speed": "medium",
              "pass": true,
              "fail": false,
              "pending": false,
              "context": null,
              "code": "cy.title().should('include', 'Hello World');",
              "err": {},
              "uuid": "66a7cb10-7f90-4737-95e2-18af5fc7f48e",
              "parentUUID": "d57fff83-3923-4992-ad65-b6453ac81112",
              "isHook": false,
              "skipped": false
            }
          ],
          "suites": [],
          "passes": [
            "9d54387f-b7cf-44d6-9ec5-6f8abd2ac108",
            "00160893-8574-44ba-bca0-afc2dbbce2db",
            "66a7cb10-7f90-4737-95e2-18af5fc7f48e"
          ],
          "failures": [],
          "pending": [],
          "skipped": [],
          "duration": 534,
          "root": false,
          "rootEmpty": false,
          "_timeout": 2000
        }
      ],
      "passes": [],
      "failures": [],
      "pending": [],
      "skipped": [],
      "duration": 0,
      "root": true,
      "rootEmpty": true,
      "_timeout": 2000
    }
  ],
  "meta": {
    "mocha": {
      "version": "7.0.1"
    },
    "mochawesome": {
      "options": {
        "quiet": false,
        "reportFilename": "mochawesome",
        "saveHtml": true,
        "saveJson": true,
        "consoleReporter": "spec",
        "useInlineDiffs": false,
        "code": true
      },
      "version": "6.1.1"
    },
    "marge": {
      "options": null,
      "version": "5.1.0"
    }
  }
}