{
  "stats": {
    "suites": 1,
    "tests": 3,
    "passes": 3,
    "pending": 0,
    "failures": 0,
    "start": "2020-09-18T10:54:46.618Z",
    "end": "2020-09-18T10:54:47.167Z",
    "duration": 549,
    "testsRegistered": 3,
    "passPercent": 100,
    "pendingPercent": 0,
    "other": 0,
    "hasOther": false,
    "skipped": 0,
    "hasSkipped": false
  },
  "results": [
    {
      "uuid": "85365042-4842-48cd-961c-5e3f595e7145",
      "title": "",
      "fullFile": "cypress/integration/my-tests/window_sample.spec.js",
      "file": "cypress/integration/my-tests/window_sample.spec.js",
      "beforeHooks": [],
      "afterHooks": [],
      "tests": [],
      "suites": [
        {
          "uuid": "19f02f12-1662-4726-a8cf-8428ce4ef9bb",
          "title": "Window",
          "fullFile": "",
          "file": "",
          "beforeHooks": [],
          "afterHooks": [],
          "tests": [
            {
              "title": "cy.window() - get the global window object",
              "fullTitle": "Window cy.window() - get the global window object",
              "timedOut": null,
              "duration": 311,
              "state": "passed",
              "speed": "slow",
              "pass": true,
              "fail": false,
              "pending": false,
              "context": null,
              "code": "cy.window().should('have.property', 'top');",
              "err": {},
              "uuid": "a1588b92-8391-4497-b243-95a972544b0e",
              "parentUUID": "19f02f12-1662-4726-a8cf-8428ce4ef9bb",
              "isHook": false,
              "skipped": false
            },
            {
              "title": "cy.document() - get the document object",
              "fullTitle": "Window cy.document() - get the document object",
              "timedOut": null,
              "duration": 134,
              "state": "passed",
              "speed": "slow",
              "pass": true,
              "fail": false,
              "pending": false,
              "context": null,
              "code": "cy.document().should('have.property', 'charset').and('eq', 'UTF-8');",
              "err": {},
              "uuid": "aac14333-ae98-4b0f-8f32-22b93583e24d",
              "parentUUID": "19f02f12-1662-4726-a8cf-8428ce4ef9bb",
              "isHook": false,
              "skipped": false
            },
            {
              "title": "cy.title() - get the title",
              "fullTitle": "Window cy.title() - get the title",
              "timedOut": null,
              "duration": 70,
              "state": "passed",
              "speed": "medium",
              "pass": true,
              "fail": false,
              "pending": false,
              "context": null,
              "code": "cy.title().should('include', 'Hello World');",
              "err": {},
              "uuid": "bb2ea266-0e49-419c-9b3c-0d3cb45b9e01",
              "parentUUID": "19f02f12-1662-4726-a8cf-8428ce4ef9bb",
              "isHook": false,
              "skipped": false
            }
          ],
          "suites": [],
          "passes": [
            "a1588b92-8391-4497-b243-95a972544b0e",
            "aac14333-ae98-4b0f-8f32-22b93583e24d",
            "bb2ea266-0e49-419c-9b3c-0d3cb45b9e01"
          ],
          "failures": [],
          "pending": [],
          "skipped": [],
          "duration": 515,
          "root": false,
          "rootEmpty": false,
          "_timeout": 2000
        }
      ],
      "passes": [],
      "failures": [],
      "pending": [],
      "skipped": [],
      "duration": 0,
      "root": true,
      "rootEmpty": true,
      "_timeout": 2000
    }
  ],
  "meta": {
    "mocha": {
      "version": "7.0.1"
    },
    "mochawesome": {
      "options": {
        "quiet": false,
        "reportFilename": "mochawesome",
        "saveHtml": true,
        "saveJson": true,
        "consoleReporter": "spec",
        "useInlineDiffs": false,
        "code": true
      },
      "version": "6.1.1"
    },
    "marge": {
      "options": null,
      "version": "5.1.0"
    }
  }
}