<?xml version="1.0" encoding="UTF-8"?>
<coverage generated="1600937635474" clover="3.2.0">
  <project timestamp="1600937635474" name="All files">
    <metrics statements="21" coveredstatements="12" conditionals="4" coveredconditionals="3" methods="10" coveredmethods="2" elements="35" coveredelements="17" complexity="0" loc="21" ncloc="21" packages="5" files="6" classes="6"/>
    <package name="src">
      <metrics statements="12" coveredstatements="4" conditionals="2" coveredconditionals="1" methods="8" coveredmethods="1"/>
      <file name="main.ts" path="/Users/sevilzaimova/WORKSPACE/DSS-Onbording/vue-hello-world/src/main.ts">
        <metrics statements="3" coveredstatements="3" conditionals="0" coveredconditionals="0" methods="1" coveredmethods="1"/>
        <line num="7" count="5" type="stmt"/>
        <line num="9" count="5" type="stmt"/>
        <line num="12" count="5" type="stmt"/>
      </file>
      <file name="registerServiceWorker.ts" path="/Users/sevilzaimova/WORKSPACE/DSS-Onbording/vue-hello-world/src/registerServiceWorker.ts">
        <metrics statements="9" coveredstatements="1" conditionals="2" coveredconditionals="1" methods="7" coveredmethods="0"/>
        <line num="5" count="5" type="cond" truecount="1" falsecount="1"/>
        <line num="6" count="0" type="stmt"/>
        <line num="8" count="0" type="stmt"/>
        <line num="14" count="0" type="stmt"/>
        <line num="17" count="0" type="stmt"/>
        <line num="20" count="0" type="stmt"/>
        <line num="23" count="0" type="stmt"/>
        <line num="26" count="0" type="stmt"/>
        <line num="31" count="0" type="stmt"/>
      </file>
    </package>
    <package name="src.components">
      <metrics statements="2" coveredstatements="2" conditionals="0" coveredconditionals="0" methods="0" coveredmethods="0"/>
      <file name="HelloWorld.vue" path="/Users/sevilzaimova/WORKSPACE/DSS-Onbording/vue-hello-world/src/components/HelloWorld.vue">
        <metrics statements="2" coveredstatements="2" conditionals="0" coveredconditionals="0" methods="0" coveredmethods="0"/>
        <line num="11" count="5" type="stmt"/>
        <line num="12" count="5" type="stmt"/>
      </file>
    </package>
    <package name="src.router">
      <metrics statements="4" coveredstatements="3" conditionals="0" coveredconditionals="0" methods="1" coveredmethods="0"/>
      <file name="index.ts" path="/Users/sevilzaimova/WORKSPACE/DSS-Onbording/vue-hello-world/src/router/index.ts">
        <metrics statements="4" coveredstatements="3" conditionals="0" coveredconditionals="0" methods="1" coveredmethods="0"/>
        <line num="5" count="5" type="stmt"/>
        <line num="7" count="5" type="stmt"/>
        <line num="20" count="0" type="stmt"/>
        <line num="24" count="5" type="stmt"/>
      </file>
    </package>
    <package name="src.store">
      <metrics statements="2" coveredstatements="2" conditionals="2" coveredconditionals="2" methods="1" coveredmethods="1"/>
      <file name="index.ts" path="/Users/sevilzaimova/WORKSPACE/DSS-Onbording/vue-hello-world/src/store/index.ts">
        <metrics statements="2" coveredstatements="2" conditionals="2" coveredconditionals="2" methods="1" coveredmethods="1"/>
        <line num="5" count="5" type="stmt"/>
        <line num="14" count="5" type="stmt"/>
      </file>
    </package>
    <package name="src.views">
      <metrics statements="1" coveredstatements="1" conditionals="0" coveredconditionals="0" methods="0" coveredmethods="0"/>
      <file name="Home.vue" path="/Users/sevilzaimova/WORKSPACE/DSS-Onbording/vue-hello-world/src/views/Home.vue">
        <metrics statements="1" coveredstatements="1" conditionals="0" coveredconditionals="0" methods="0" coveredmethods="0"/>
        <line num="19" count="5" type="stmt"/>
      </file>
    </package>
  </project>
</coverage>
