{"total": {"lines":{"total":21,"covered":12,"skipped":0,"pct":57.14},"statements":{"total":23,"covered":14,"skipped":0,"pct":60.87},"functions":{"total":10,"covered":2,"skipped":0,"pct":20},"branches":{"total":4,"covered":3,"skipped":0,"pct":75}}
,"/Users/sevilzaimova/WORKSPACE/DSS-Onbording/vue-hello-world/src/main.ts": {"lines":{"total":3,"covered":3,"skipped":0,"pct":100},"functions":{"total":1,"covered":1,"skipped":0,"pct":100},"statements":{"total":3,"covered":3,"skipped":0,"pct":100},"branches":{"total":0,"covered":0,"skipped":0,"pct":100}}
,"/Users/sevilzaimova/WORKSPACE/DSS-Onbording/vue-hello-world/src/registerServiceWorker.ts": {"lines":{"total":9,"covered":1,"skipped":0,"pct":11.11},"functions":{"total":7,"covered":0,"skipped":0,"pct":0},"statements":{"total":9,"covered":1,"skipped":0,"pct":11.11},"branches":{"total":2,"covered":1,"skipped":0,"pct":50}}
,"/Users/sevilzaimova/WORKSPACE/DSS-Onbording/vue-hello-world/src/components/HelloWorld.vue": {"lines":{"total":2,"covered":2,"skipped":0,"pct":100},"functions":{"total":0,"covered":0,"skipped":0,"pct":100},"statements":{"total":3,"covered":3,"skipped":0,"pct":100},"branches":{"total":0,"covered":0,"skipped":0,"pct":100}}
,"/Users/sevilzaimova/WORKSPACE/DSS-Onbording/vue-hello-world/src/router/index.ts": {"lines":{"total":4,"covered":3,"skipped":0,"pct":75},"functions":{"total":1,"covered":0,"skipped":0,"pct":0},"statements":{"total":4,"covered":3,"skipped":0,"pct":75},"branches":{"total":0,"covered":0,"skipped":0,"pct":100}}
,"/Users/sevilzaimova/WORKSPACE/DSS-Onbording/vue-hello-world/src/store/index.ts": {"lines":{"total":2,"covered":2,"skipped":0,"pct":100},"functions":{"total":1,"covered":1,"skipped":0,"pct":100},"statements":{"total":2,"covered":2,"skipped":0,"pct":100},"branches":{"total":2,"covered":2,"skipped":0,"pct":100}}
,"/Users/sevilzaimova/WORKSPACE/DSS-Onbording/vue-hello-world/src/views/Home.vue": {"lines":{"total":1,"covered":1,"skipped":0,"pct":100},"functions":{"total":0,"covered":0,"skipped":0,"pct":100},"statements":{"total":2,"covered":2,"skipped":0,"pct":100},"branches":{"total":0,"covered":0,"skipped":0,"pct":100}}
}
